<?xml version="1.0" encoding="UTF-8"?>
<!-- Generated by org.testng.reporters.JUnitReportReporter -->
<testsuite hostname="Svetlana" name="com.example.tests.GroupCreationTests" tests="2" failures="0" timestamp="27 Apr 2015 10:17:06 GMT" time="3.907" errors="0">
  <testcase name="testEmptyGroupCreation" time="2.032" classname="com.example.tests.GroupCreationTests"/>
  <testcase name="testNonEmptyGroupCreation" time="1.875" classname="com.example.tests.GroupCreationTests"/>
</testsuite> <!-- com.example.tests.GroupCreationTests -->
