<?xml version="1.0" encoding="UTF-8"?>
<!-- Generated by org.testng.reporters.JUnitReportReporter -->
<testsuite hostname="Svetlana" name="com.example.tests.ContactCreationTests" tests="1" failures="0" timestamp="27 Apr 2015 10:18:55 GMT" time="4.148" errors="0">
  <testcase name="testEmptyDateNonEmptyContactCreation" time="4.148" classname="com.example.tests.ContactCreationTests"/>
</testsuite> <!-- com.example.tests.ContactCreationTests -->
