<?xml version="1.0" encoding="UTF-8"?>
<!-- Generated by org.testng.reporters.JUnitReportReporter -->
<testsuite hostname="Svetlana" name="com.example.tests.GroupCreationTests" tests="2" failures="0" timestamp="28 Apr 2015 15:26:17 GMT" time="3.830" errors="0">
  <testcase name="testNonEmptyGroupCreation" time="1.940" classname="com.example.tests.GroupCreationTests"/>
  <testcase name="testEmptyGroupCreation" time="1.890" classname="com.example.tests.GroupCreationTests"/>
</testsuite> <!-- com.example.tests.GroupCreationTests -->
