<?xml version="1.0" encoding="UTF-8"?>
<!-- Generated by org.testng.reporters.JUnitReportReporter -->
<testsuite hostname="Svetlana" name="com.example.tests.ContactModificationTests" tests="2" failures="0" timestamp="30 Apr 2015 07:44:02 GMT" time="2.998" errors="0">
  <testcase name="modifySomeContactDetails" time="1.716" classname="com.example.tests.ContactModificationTests"/>
  <testcase name="modifySomeContactEdit" time="1.282" classname="com.example.tests.ContactModificationTests"/>
</testsuite> <!-- com.example.tests.ContactModificationTests -->
