<?xml version="1.0" encoding="UTF-8"?>
<!-- Generated by org.testng.reporters.JUnitReportReporter -->
<testsuite hostname="Svetlana" name="com.example.tests.ContactModificationTests" tests="2" failures="0" timestamp="30 Apr 2015 12:23:31 GMT" time="4.053" errors="0">
  <testcase name="modifySomeContactDetails" time="2.756" classname="com.example.tests.ContactModificationTests"/>
  <testcase name="modifySomeContactEdit" time="1.297" classname="com.example.tests.ContactModificationTests"/>
</testsuite> <!-- com.example.tests.ContactModificationTests -->
