<?xml version="1.0" encoding="UTF-8"?>
<!-- Generated by org.testng.reporters.JUnitReportReporter -->
<testsuite hostname="Svetlana" name="com.example.tests.CroupModificationTests" tests="1" failures="0" timestamp="28 Apr 2015 13:27:15 GMT" time="1.830" errors="0">
  <testcase name="modifySomeGroup" time="1.830" classname="com.example.tests.CroupModificationTests"/>
</testsuite> <!-- com.example.tests.CroupModificationTests -->
