<?xml version="1.0" encoding="UTF-8"?>
<!-- Generated by org.testng.reporters.JUnitReportReporter -->
<testsuite hostname="Svetlana" name="com.example.tests.AlsoGroupCreationTests" tests="2" failures="0" timestamp="24 Apr 2015 16:57:46 GMT" time="3.344" errors="0">
  <testcase name="testEmptyGroupCreation" time="1.598" classname="com.example.tests.AlsoGroupCreationTests"/>
  <testcase name="testNonEmptyGroupCreation" time="1.746" classname="com.example.tests.AlsoGroupCreationTests"/>
</testsuite> <!-- com.example.tests.AlsoGroupCreationTests -->
