<?xml version="1.0" encoding="UTF-8"?>
<!-- Generated by org.testng.reporters.JUnitReportReporter -->
<testsuite hostname="Svetlana" name="com.example.tests.GroupCreationTests" tests="2" failures="0" timestamp="28 Apr 2015 09:54:19 GMT" time="3.893" errors="0">
  <testcase name="testNonEmptyGroupCreation" time="1.899" classname="com.example.tests.GroupCreationTests"/>
  <testcase name="testEmptyGroupCreation" time="1.994" classname="com.example.tests.GroupCreationTests"/>
</testsuite> <!-- com.example.tests.GroupCreationTests -->
