<?xml version="1.0" encoding="UTF-8"?>
<!-- Generated by org.testng.reporters.JUnitReportReporter -->
<testsuite hostname="Svetlana" name="com.example.tests.ContactRemovalTests" tests="1" failures="0" timestamp="28 Apr 2015 16:23:09 GMT" time="1.250" errors="0">
  <testcase name="deleteSomeGroupModify" time="1.250" classname="com.example.tests.ContactRemovalTests"/>
</testsuite> <!-- com.example.tests.ContactRemovalTests -->
