<?xml version="1.0" encoding="UTF-8"?>
<!-- Generated by org.testng.reporters.JUnitReportReporter -->
<testsuite hostname="Svetlana" name="com.example.tests.ContactModificationTests" tests="2" failures="0" timestamp="28 Apr 2015 16:09:35 GMT" time="3.360" errors="0">
  <testcase name="modifySomeContactEdit" time="1.280" classname="com.example.tests.ContactModificationTests"/>
  <testcase name="modifySomeContactDetails" time="2.080" classname="com.example.tests.ContactModificationTests"/>
</testsuite> <!-- com.example.tests.ContactModificationTests -->
