<?xml version="1.0" encoding="UTF-8"?>
<!-- Generated by org.testng.reporters.JUnitReportReporter -->
<testsuite hostname="Svetlana" name="com.example.tests.GroupCreationTests" tests="2" failures="0" timestamp="24 Apr 2015 16:57:46 GMT" time="3.667" errors="0">
  <testcase name="testEmptyGroupCreation" time="1.922" classname="com.example.tests.GroupCreationTests"/>
  <testcase name="testNonEmptyGroupCreation" time="1.745" classname="com.example.tests.GroupCreationTests"/>
</testsuite> <!-- com.example.tests.GroupCreationTests -->
