<?xml version="1.0" encoding="UTF-8"?>
<!-- Generated by org.testng.reporters.JUnitReportReporter -->
<testsuite hostname="Svetlana" name="com.example.tests.GroupRemovalTests" tests="1" failures="0" timestamp="28 Apr 2015 12:48:24 GMT" time="1.190" errors="0">
  <testcase name="deleteSomeGroup" time="1.190" classname="com.example.tests.GroupRemovalTests"/>
</testsuite> <!-- com.example.tests.GroupRemovalTests -->
